生成启动时间为 2016/5/24 1:14:34。
     1>项目“D:\test\SIM_Profect_DLLs\ImageStitching\ImageStitching\ImageStitching.vcxproj”在节点 2 上(Build 个目标)。
     1>ClCompile:
         D:\software\vs2012\VC\bin\CL.exe /c /Zi /nologo /W3 /WX- /O2 /Oi /Oy- /GL /D _WINDLL /D _MBCS /Gm- /EHsc /MD /GS /Gy /fp:precise /Zc:wchar_t /Zc:forScope /Fo"Release\\" /Fd"Release\vc110.pdb" /Gd /TP /analyze- /errorReport:prompt ImageStitching.cpp
         ImageStitching.cpp
     1>D:\lib\OpenCV3.1\include\opencv2/core/mat.hpp(1965): warning C4819: 该文件包含不能在当前代码页(936)中表示的字符。请将该文件保存为 Unicode 格式以防止数据丢失
     1>D:\lib\OpenCV3.1\include\opencv2/core/persistence.hpp : warning C4819: 该文件包含不能在当前代码页(936)中表示的字符。请将该文件保存为 Unicode 格式以防止数据丢失
     1>D:\lib\OpenCV3.1\include\opencv2/core/utility.hpp : warning C4819: 该文件包含不能在当前代码页(936)中表示的字符。请将该文件保存为 Unicode 格式以防止数据丢失
     1>ImageStitching.cpp(52): warning C4244: “参数”: 从“float”转换到“int”，可能丢失数据
     1>ImageStitching.cpp(56): warning C4018: “<”: 有符号/无符号不匹配
     1>ImageStitching.cpp(76): warning C4244: “参数”: 从“float”转换到“int”，可能丢失数据
     1>ImageStitching.cpp(80): warning C4018: “<”: 有符号/无符号不匹配
     1>ImageStitching.cpp(83): warning C4244: “初始化”: 从“float”转换到“int”，可能丢失数据
     1>ImageStitching.cpp(119): warning C4018: “<”: 有符号/无符号不匹配
     1>ImageStitching.cpp(140): warning C4244: “-=”: 从“float”转换到“int”，可能丢失数据
     1>ImageStitching.cpp(155): warning C4018: “<”: 有符号/无符号不匹配
     1>ImageStitching.cpp(168): warning C4244: “参数”: 从“float”转换到“int”，可能丢失数据
     1>ImageStitching.cpp(172): warning C4018: “<”: 有符号/无符号不匹配
     1>ImageStitching.cpp(192): warning C4244: “参数”: 从“float”转换到“int”，可能丢失数据
     1>ImageStitching.cpp(196): warning C4018: “<”: 有符号/无符号不匹配
     1>ImageStitching.cpp(200): warning C4244: “初始化”: 从“float”转换到“int”，可能丢失数据
     1>ImageStitching.cpp(235): warning C4018: “<”: 有符号/无符号不匹配
     1>ImageStitching.cpp(255): warning C4244: “-=”: 从“float”转换到“int”，可能丢失数据
     1>ImageStitching.cpp(271): warning C4018: “<”: 有符号/无符号不匹配
     1>ImageStitching.cpp(309): warning C4018: “<”: 有符号/无符号不匹配
       Link:
         D:\software\vs2012\VC\bin\link.exe /ERRORREPORT:PROMPT /OUT:"D:\test\SIM_Profect_DLLs\ImageStitching\Release\ImageStitching.dll" /NOLOGO opencv_calib3d310.lib opencv_core310.lib opencv_features2d310.lib opencv_flann310.lib opencv_highgui310.lib opencv_imgcodecs310.lib opencv_imgproc310.lib opencv_ml310.lib opencv_objdetect310.lib opencv_photo310.lib opencv_shape310.lib opencv_stitching310.lib opencv_superres310.lib opencv_ts310.lib opencv_video310.lib opencv_videoio310.lib opencv_videostab310.lib kernel32.lib user32.lib gdi32.lib winspool.lib comdlg32.lib advapi32.lib shell32.lib ole32.lib oleaut32.lib uuid.lib odbc32.lib odbccp32.lib /MANIFEST /MANIFESTUAC:"level='asInvoker' uiAccess='false'" /manifest:embed /DEBUG /PDB:"D:\test\SIM_Profect_DLLs\ImageStitching\Release\ImageStitching.pdb" /OPT:REF /OPT:ICF /LTCG /TLBID:1 /DYNAMICBASE /NXCOMPAT /IMPLIB:"D:\test\SIM_Profect_DLLs\ImageStitching\Release\ImageStitching.lib" /MACHINE:X86 /SAFESEH /DLL Release\ImageStitching.obj
            正在创建库 D:\test\SIM_Profect_DLLs\ImageStitching\Release\ImageStitching.lib 和对象 D:\test\SIM_Profect_DLLs\ImageStitching\Release\ImageStitching.exp
         正在生成代码
         已完成代码的生成
         ImageStitching.vcxproj -> D:\test\SIM_Profect_DLLs\ImageStitching\Release\ImageStitching.dll
     1>已完成生成项目“D:\test\SIM_Profect_DLLs\ImageStitching\ImageStitching\ImageStitching.vcxproj”(Build 个目标)的操作。

生成成功。

已用时间 00:00:02.07
